

*******************************************************************************
Tue May 19 06:53:42 2020


FIT:    data read from "dane2.txt" using 1:2
        format = x:z
        #datapoints = 50
        residuals are weighted equally (unit weight)

function used for fitting: t(x)
	t(n) = a*(n**2) +b*n +c
fitted parameters initialized with current variable values

iter      chisq       delta/lim  lambda   a             b             c            
   0 1.0447184237e+05   0.00e+00  3.15e+01    2.000000e-05   5.000000e-05   3.000000e-05
   9 2.1839870116e-01  -2.44e-05  3.15e-08    3.194540e-06   1.087199e-04   1.113922e-02

After 9 iterations the fit converged.
final sum of squares of residuals : 0.218399
rel. change during last iteration : -2.43723e-10

degrees of freedom    (FIT_NDF)                        : 47
rms of residuals      (FIT_STDFIT) = sqrt(WSSR/ndf)    : 0.0681673
variance of residuals (reduced chisquare) = WSSR/ndf   : 0.00464678

Final set of parameters            Asymptotic Standard Error
=======================            ==========================
a               = 3.19454e-06      +/- 2.071e-08    (0.6484%)
b               = 0.00010872       +/- 5.248e-05    (48.27%)
c               = 0.0111392        +/- 0.0278       (249.6%)

correlation matrix of the fit parameters:
                a      b      c      
a               1.000 
b              -0.967  1.000 
c               0.730 -0.856  1.000 
