

*******************************************************************************
Tue May 26 04:53:19 2020


FIT:    data read from "dane.txt" using 1:2
        format = x:z
        #datapoints = 299
        residuals are weighted equally (unit weight)

function used for fitting: t(x)
	t(n) = b*n +c
fitted parameters initialized with current variable values

iter      chisq       delta/lim  lambda   b             c            
   0 2.2388056187e+12   0.00e+00  6.12e+04    1.000000e+00   1.000000e+00
   8 1.2860248590e-03  -3.95e-05  6.12e-04    3.725473e-07   1.415930e-03

After 8 iterations the fit converged.
final sum of squares of residuals : 0.00128602
rel. change during last iteration : -3.94829e-10

degrees of freedom    (FIT_NDF)                        : 297
rms of residuals      (FIT_STDFIT) = sqrt(WSSR/ndf)    : 0.00208088
variance of residuals (reduced chisquare) = WSSR/ndf   : 4.33005e-06

Final set of parameters            Asymptotic Standard Error
=======================            ==========================
b               = 3.72547e-07      +/- 2.788e-09    (0.7485%)
c               = 0.00141593       +/- 0.0002413    (17.04%)

correlation matrix of the fit parameters:
                b      c      
b               1.000 
c              -0.867  1.000 


*******************************************************************************
Tue May 26 04:54:22 2020


FIT:    data read from "dane2.txt" using 1:2
        format = x:z
        x range restricted to [0.00000 : 160000.]
        #datapoints = 299
        residuals are weighted equally (unit weight)

function used for fitting: t(x)
	t(n) = a*(n**2) +b*n +c
fitted parameters initialized with current variable values

iter      chisq       delta/lim  lambda   a             b             c            
   0 3.0122437297e+18   0.00e+00  5.79e+07    1.000000e+00   3.725473e-07   1.415930e-03
   4 1.6549061107e-02  -3.49e-05  5.79e+03    3.357221e-09   3.725473e-07   1.415930e-03

After 4 iterations the fit converged.
final sum of squares of residuals : 0.0165491
rel. change during last iteration : -3.48647e-10

degrees of freedom    (FIT_NDF)                        : 296
rms of residuals      (FIT_STDFIT) = sqrt(WSSR/ndf)    : 0.00747723
variance of residuals (reduced chisquare) = WSSR/ndf   : 5.5909e-05

Final set of parameters            Asymptotic Standard Error
=======================            ==========================
a               = 3.35722e-09      +/- 2.596e-11    (0.7732%)
b               = 3.72547e-07      +/- 4.021e-07    (107.9%)
c               = 0.00141593       +/- 0.001306     (92.24%)

correlation matrix of the fit parameters:
                a      b      c      
a               1.000 
b              -0.968  1.000 
c               0.748 -0.868  1.000 


*******************************************************************************
Tue May 26 04:56:17 2020


FIT:    data read from "dane2.txt" using 1:2
        format = x:z
        #datapoints = 299
        residuals are weighted equally (unit weight)

function used for fitting: t(x)
	t(n) = a*(n**2) + b*n + c
fitted parameters initialized with current variable values

iter      chisq       delta/lim  lambda   a             b             c            
   0 3.0127466773e+18   0.00e+00  5.79e+07    1.000000e+00   1.000000e+00   1.000000e+00
  11 1.6408451665e-02  -5.41e-05  5.79e-04    3.316725e-09   1.005574e-06  -2.449785e-04

After 11 iterations the fit converged.
final sum of squares of residuals : 0.0164085
rel. change during last iteration : -5.4124e-10

degrees of freedom    (FIT_NDF)                        : 296
rms of residuals      (FIT_STDFIT) = sqrt(WSSR/ndf)    : 0.0074454
variance of residuals (reduced chisquare) = WSSR/ndf   : 5.5434e-05

Final set of parameters            Asymptotic Standard Error
=======================            ==========================
a               = 3.31672e-09      +/- 2.585e-11    (0.7793%)
b               = 1.00557e-06      +/- 4.003e-07    (39.81%)
c               = -0.000244978     +/- 0.0013       (530.8%)

correlation matrix of the fit parameters:
                a      b      c      
a               1.000 
b              -0.968  1.000 
c               0.748 -0.868  1.000 


*******************************************************************************
Tue May 26 04:59:37 2020


FIT:    data read from "dane.txt" using 1:2
        format = x:z
        #datapoints = 299
        residuals are weighted equally (unit weight)

function used for fitting: t(x)
	t(x) = b*n+c
fitted parameters initialized with current variable values



*******************************************************************************
Tue May 26 05:00:01 2020


FIT:    data read from "dane.txt" using 1:2
        format = x:z
        #datapoints = 299
        residuals are weighted equally (unit weight)

function used for fitting: t(x)
	t(n) = b*n+c
fitted parameters initialized with current variable values

iter      chisq       delta/lim  lambda   b             c            
   0 2.2388056187e+12   0.00e+00  6.12e+04    1.000000e+00   1.000000e+00
   8 1.2860248590e-03  -3.95e-05  6.12e-04    3.725473e-07   1.415930e-03

After 8 iterations the fit converged.
final sum of squares of residuals : 0.00128602
rel. change during last iteration : -3.94829e-10

degrees of freedom    (FIT_NDF)                        : 297
rms of residuals      (FIT_STDFIT) = sqrt(WSSR/ndf)    : 0.00208088
variance of residuals (reduced chisquare) = WSSR/ndf   : 4.33005e-06

Final set of parameters            Asymptotic Standard Error
=======================            ==========================
b               = 3.72547e-07      +/- 2.788e-09    (0.7485%)
c               = 0.00141593       +/- 0.0002413    (17.04%)

correlation matrix of the fit parameters:
                b      c      
b               1.000 
c              -0.867  1.000 


*******************************************************************************
Tue May 26 05:01:17 2020


FIT:    data read from "dane.txt" using 1:2
        format = x:z
        #datapoints = 299
        residuals are weighted equally (unit weight)

function used for fitting: t(n)
	t(n) = b*n+c
fitted parameters initialized with current variable values



*******************************************************************************
Tue May 26 05:01:21 2020


FIT:    data read from "dane.txt" using 1:2
        format = x:z
        #datapoints = 299
        residuals are weighted equally (unit weight)

function used for fitting: t(x)
	t(n) = b*n+c
fitted parameters initialized with current variable values

iter      chisq       delta/lim  lambda   b             c            
   0 2.2388056187e+12   0.00e+00  6.12e+04    1.000000e+00   1.000000e+00
   8 1.2860248590e-03  -3.95e-05  6.12e-04    3.725473e-07   1.415930e-03

After 8 iterations the fit converged.
final sum of squares of residuals : 0.00128602
rel. change during last iteration : -3.94829e-10

degrees of freedom    (FIT_NDF)                        : 297
rms of residuals      (FIT_STDFIT) = sqrt(WSSR/ndf)    : 0.00208088
variance of residuals (reduced chisquare) = WSSR/ndf   : 4.33005e-06

Final set of parameters            Asymptotic Standard Error
=======================            ==========================
b               = 3.72547e-07      +/- 2.788e-09    (0.7485%)
c               = 0.00141593       +/- 0.0002413    (17.04%)

correlation matrix of the fit parameters:
                b      c      
b               1.000 
c              -0.867  1.000 


*******************************************************************************
Tue May 26 05:02:55 2020


FIT:    data read from "dane.txt" using 1:2
        format = x:z
        #datapoints = 299
        residuals are weighted equally (unit weight)

function used for fitting: t(x)
	t(n) = b*n+c
fitted parameters initialized with current variable values

iter      chisq       delta/lim  lambda   b             c            
   0 2.2388056187e+12   0.00e+00  6.12e+04    1.000000e+00   1.000000e+00
   8 1.2860248590e-03  -3.95e-05  6.12e-04    3.725473e-07   1.415930e-03

After 8 iterations the fit converged.
final sum of squares of residuals : 0.00128602
rel. change during last iteration : -3.94829e-10

degrees of freedom    (FIT_NDF)                        : 297
rms of residuals      (FIT_STDFIT) = sqrt(WSSR/ndf)    : 0.00208088
variance of residuals (reduced chisquare) = WSSR/ndf   : 4.33005e-06

Final set of parameters            Asymptotic Standard Error
=======================            ==========================
b               = 3.72547e-07      +/- 2.788e-09    (0.7485%)
c               = 0.00141593       +/- 0.0002413    (17.04%)

correlation matrix of the fit parameters:
                b      c      
b               1.000 
c              -0.867  1.000 
