

*******************************************************************************
Tue May 26 05:17:45 2020


FIT:    data read from "dane.txt" using 1:2
        format = x:z
        #datapoints = 54
        residuals are weighted equally (unit weight)

function used for fitting: t(x)
	t(n) = a*(n**2) + b*n + c
fitted parameters initialized with current variable values

iter      chisq       delta/lim  lambda   a             b             c            
   0 6.0640104007e+10   0.00e+00  1.93e+04    1.000000e+00   1.000000e+00   1.000000e+00
   8 2.6721544239e-02  -5.56e-07  1.93e-04    1.442386e-05  -1.737848e-03   4.502019e-02

After 8 iterations the fit converged.
final sum of squares of residuals : 0.0267215
rel. change during last iteration : -5.56209e-12

degrees of freedom    (FIT_NDF)                        : 51
rms of residuals      (FIT_STDFIT) = sqrt(WSSR/ndf)    : 0.02289
variance of residuals (reduced chisquare) = WSSR/ndf   : 0.000523952

Final set of parameters            Asymptotic Standard Error
=======================            ==========================
a               = 1.44239e-05      +/- 5.738e-07    (3.978%)
b               = -0.00173785      +/- 0.0001628    (9.366%)
c               = 0.0450202        +/- 0.009702     (21.55%)

correlation matrix of the fit parameters:
                a      b      c      
a               1.000 
b              -0.969  1.000 
c               0.759 -0.875  1.000 
