

*******************************************************************************
Fri May 29 17:57:47 2020


FIT:    data read from "dane.txt" using 1:2
        format = x:z
        #datapoints = 499
        residuals are weighted equally (unit weight)

function used for fitting: t(x)
	t(n) = b*n+c
fitted parameters initialized with current variable values

iter      chisq       delta/lim  lambda   b             c            
   0 1.0386672684e+11   0.00e+00  1.02e+04    1.000000e+00   1.000000e+00
   7 4.7031526408e-03  -2.59e-04  1.02e-03    6.631105e-07  -1.128977e-03

After 7 iterations the fit converged.
final sum of squares of residuals : 0.00470315
rel. change during last iteration : -2.5872e-09

degrees of freedom    (FIT_NDF)                        : 497
rms of residuals      (FIT_STDFIT) = sqrt(WSSR/ndf)    : 0.00307621
variance of residuals (reduced chisquare) = WSSR/ndf   : 9.46308e-06

Final set of parameters            Asymptotic Standard Error
=======================            ==========================
b               = 6.6311e-07       +/- 1.912e-08    (2.883%)
c               = -0.00112898      +/- 0.0002758    (24.43%)

correlation matrix of the fit parameters:
                b      c      
b               1.000 
c              -0.866  1.000 
